  
  C:\Users\negfi\Documents\AUT\8th Semester\Multicore Programming\Final Project\Cuda Shazam\Shazam\VecSum>"C:\Program Files\NVIDIA GPU Computing Toolkit\CUDA\v9.1\bin\nvcc.exe" -ccbin "C:\Program Files (x86)\Microsoft Visual Studio\2017\Enterprise\VC\Tools\MSVC\14.10.25017\bin\HostX86\x64" -x cu  -I"C:\Program Files\NVIDIA GPU Computing Toolkit\CUDA\v9.1\include" -I"C:\Program Files\NVIDIA GPU Computing Toolkit\CUDA\v9.1\include"     --keep-dir x64\Release -maxrregcount=0  --machine 64 --compile      -DWIN32 -DWIN64 -DNDEBUG -D_CONSOLE -D_MBCS -Xcompiler "/EHsc /W3 /nologo /O2 /FS /Zi  /MD " -o x64\Release\kernel.cu.obj "C:\Users\negfi\Documents\AUT\8th Semester\Multicore Programming\Final Project\Cuda Shazam\Shazam\VecSum\kernel.cu" -clean 
  kernel.cu
  Compiling CUDA source file kernel.cu...
  
  C:\Users\negfi\Documents\AUT\8th Semester\Multicore Programming\Final Project\Cuda Shazam\Shazam\VecSum>"C:\Program Files\NVIDIA GPU Computing Toolkit\CUDA\v9.1\bin\nvcc.exe" -gencode=arch=compute_30,code=\"sm_30,compute_30\" --use-local-env --cl-version 2017 -ccbin "C:\Program Files (x86)\Microsoft Visual Studio\2017\Enterprise\VC\Tools\MSVC\14.10.25017\bin\HostX86\x64" -x cu  -I"C:\Program Files\NVIDIA GPU Computing Toolkit\CUDA\v9.1\include" -I"C:\Program Files\NVIDIA GPU Computing Toolkit\CUDA\v9.1\include"     --keep-dir x64\Release -maxrregcount=0  --machine 64 --compile -cudart static     -DWIN32 -DWIN64 -DNDEBUG -D_CONSOLE -D_MBCS -Xcompiler "/EHsc /W3 /nologo /O2 /FS /Zi  /MD " -o x64\Release\kernel.cu.obj "C:\Users\negfi\Documents\AUT\8th Semester\Multicore Programming\Final Project\Cuda Shazam\Shazam\VecSum\kernel.cu" 
C:/Users/negfi/Documents/AUT/8th Semester/Multicore Programming/Final Project/Cuda Shazam/Shazam/VecSum/kernel.cu(37): warning : variable "valueA" was declared but never referenced
C:/Users/negfi/Documents/AUT/8th Semester/Multicore Programming/Final Project/Cuda Shazam/Shazam/VecSum/kernel.cu(38): warning : variable "valueB" was declared but never referenced
C:/Users/negfi/Documents/AUT/8th Semester/Multicore Programming/Final Project/Cuda Shazam/Shazam/VecSum/kernel.cu(131): warning : variable "MinCount" was set but never used
C:/Users/negfi/Documents/AUT/8th Semester/Multicore Programming/Final Project/Cuda Shazam/Shazam/VecSum/kernel.cu(137): warning : variable "MaxCount" was set but never used
C:/Users/negfi/Documents/AUT/8th Semester/Multicore Programming/Final Project/Cuda Shazam/Shazam/VecSum/kernel.cu(145): warning : variable "size_C" was declared but never referenced
C:/Users/negfi/Documents/AUT/8th Semester/Multicore Programming/Final Project/Cuda Shazam/Shazam/VecSum/kernel.cu(185): warning : variable "Min_size" was declared but never referenced
C:/Users/negfi/Documents/AUT/8th Semester/Multicore Programming/Final Project/Cuda Shazam/Shazam/VecSum/kernel.cu(377): warning : unrecognized character escape sequence
C:/Users/negfi/Documents/AUT/8th Semester/Multicore Programming/Final Project/Cuda Shazam/Shazam/VecSum/kernel.cu(37): warning : variable "valueA" was declared but never referenced
C:/Users/negfi/Documents/AUT/8th Semester/Multicore Programming/Final Project/Cuda Shazam/Shazam/VecSum/kernel.cu(38): warning : variable "valueB" was declared but never referenced
C:/Users/negfi/Documents/AUT/8th Semester/Multicore Programming/Final Project/Cuda Shazam/Shazam/VecSum/kernel.cu(131): warning : variable "MinCount" was set but never used
C:/Users/negfi/Documents/AUT/8th Semester/Multicore Programming/Final Project/Cuda Shazam/Shazam/VecSum/kernel.cu(137): warning : variable "MaxCount" was set but never used
C:/Users/negfi/Documents/AUT/8th Semester/Multicore Programming/Final Project/Cuda Shazam/Shazam/VecSum/kernel.cu(145): warning : variable "size_C" was declared but never referenced
C:/Users/negfi/Documents/AUT/8th Semester/Multicore Programming/Final Project/Cuda Shazam/Shazam/VecSum/kernel.cu(185): warning : variable "Min_size" was declared but never referenced
C:/Users/negfi/Documents/AUT/8th Semester/Multicore Programming/Final Project/Cuda Shazam/Shazam/VecSum/kernel.cu(377): warning : unrecognized character escape sequence
  kernel.cu
C:/Users/negfi/Documents/AUT/8th Semester/Multicore Programming/Final Project/Cuda Shazam/Shazam/VecSum/kernel.cu(106): warning C4244: '=': conversion from 'double' to 'float', possible loss of data
C:/Users/negfi/Documents/AUT/8th Semester/Multicore Programming/Final Project/Cuda Shazam/Shazam/VecSum/kernel.cu(115): warning C4244: '=': conversion from 'double' to 'float', possible loss of data
C:/Users/negfi/Documents/AUT/8th Semester/Multicore Programming/Final Project/Cuda Shazam/Shazam/VecSum/kernel.cu(198): warning C4018: '<': signed/unsigned mismatch
  LINK : /LTCG specified but no code generation required; remove /LTCG from the link command line to improve linker performance
  VecSum.vcxproj -> C:\Users\negfi\Documents\AUT\8th Semester\Multicore Programming\Final Project\Cuda Shazam\Shazam\x64\Release\VecSum.exe
  VecSum.vcxproj -> C:\Users\negfi\Documents\AUT\8th Semester\Multicore Programming\Final Project\Cuda Shazam\Shazam\x64\Release\VecSum.pdb (Full PDB)
  copy "C:\Program Files\NVIDIA GPU Computing Toolkit\CUDA\v9.1\bin\cudart*.dll" "C:\Users\negfi\Documents\AUT\8th Semester\Multicore Programming\Final Project\Cuda Shazam\Shazam\x64\Release\"
  C:\Program Files\NVIDIA GPU Computing Toolkit\CUDA\v9.1\bin\cudart32_91.dll
  C:\Program Files\NVIDIA GPU Computing Toolkit\CUDA\v9.1\bin\cudart64_91.dll
          2 file(s) copied.
